{
  "D:\\ALEXANDRE\\CYPRESS\\cypress-code-coverage\\angular13-fundamentals-workshop\\src\\polyfills.ts": {
    "path": "D:\\ALEXANDRE\\CYPRESS\\cypress-code-coverage\\angular13-fundamentals-workshop\\src\\polyfills.ts",
    "statementMap": {},
    "fnMap": {},
    "branchMap": {},
    "s": {},
    "f": {},
    "b": {},
    "inputSourceMap": {
      "version": 3,
      "file": "polyfills.js",
      "sourceRoot": "",
      "sources": [
        "D:\\ALEXANDRE\\CYPRESS\\cypress-code-coverage\\angular13-fundamentals-workshop\\src\\polyfills.ts"
      ],
      "names": [],
      "mappings": "AAAA;;;;;;;;;;;;;;GAcG;AAEH;;GAEG;AAEH;;;;;;;;;;;;;;;;;;;;;;GAsBG;AAEH;;GAEG;AACH,OAAO,SAAS,CAAC,CAAE,6BAA6B;AAGhD;;GAEG",
      "sourcesContent": [
        "/**\r\n * This file includes polyfills needed by Angular and is loaded before the app.\r\n * You can add your own extra polyfills to this file.\r\n *\r\n * This file is divided into 2 sections:\r\n *   1. Browser polyfills. These are applied before loading ZoneJS and are sorted by browsers.\r\n *   2. Application imports. Files imported after ZoneJS that should be loaded before your main\r\n *      file.\r\n *\r\n * The current setup is for so-called \"evergreen\" browsers; the last versions of browsers that\r\n * automatically update themselves. This includes recent versions of Safari, Chrome (including\r\n * Opera), Edge on the desktop, and iOS and Chrome on mobile.\r\n *\r\n * Learn more in https://angular.io/guide/browser-support\r\n */\r\n\r\n/***************************************************************************************************\r\n * BROWSER POLYFILLS\r\n */\r\n\r\n/**\r\n * By default, zone.js will patch all possible macroTask and DomEvents\r\n * user can disable parts of macroTask/DomEvents patch by setting following flags\r\n * because those flags need to be set before `zone.js` being loaded, and webpack\r\n * will put import in the top of bundle, so user need to create a separate file\r\n * in this directory (for example: zone-flags.ts), and put the following flags\r\n * into that file, and then add the following code before importing zone.js.\r\n * import './zone-flags';\r\n *\r\n * The flags allowed in zone-flags.ts are listed here.\r\n *\r\n * The following flags will work for all browsers.\r\n *\r\n * (window as any).__Zone_disable_requestAnimationFrame = true; // disable patch requestAnimationFrame\r\n * (window as any).__Zone_disable_on_property = true; // disable patch onProperty such as onclick\r\n * (window as any).__zone_symbol__UNPATCHED_EVENTS = ['scroll', 'mousemove']; // disable patch specified eventNames\r\n *\r\n *  in IE/Edge developer tools, the addEventListener will also be wrapped by zone.js\r\n *  with the following flag, it will bypass `zone.js` patch for IE/Edge\r\n *\r\n *  (window as any).__Zone_enable_cross_context_check = true;\r\n *\r\n */\r\n\r\n/***************************************************************************************************\r\n * Zone JS is required by default for Angular itself.\r\n */\r\nimport 'zone.js';  // Included with Angular CLI.\r\n\r\n\r\n/***************************************************************************************************\r\n * APPLICATION IMPORTS\r\n */\r\n"
      ]
    },
    "_coverageSchema": "1a1c01bbd47fc00a2c39e90264f33305004495a9",
    "hash": "6f5e2ea5c98e9580b326229e05535f7ee35dc22f"
  },
  "D:\\ALEXANDRE\\CYPRESS\\cypress-code-coverage\\angular13-fundamentals-workshop\\src\\app\\examples\\child-routes\\admin-payroll\\admin-payroll.component.ts": {
    "path": "D:\\ALEXANDRE\\CYPRESS\\cypress-code-coverage\\angular13-fundamentals-workshop\\src\\app\\examples\\child-routes\\admin-payroll\\admin-payroll.component.ts",
    "statementMap": {
      "0": {
        "start": {
          "line": 8,
          "column": 0
        },
        "end": {
          "line": 8,
          "column": 118
        }
      },
      "1": {
        "start": {
          "line": 8,
          "column": 73
        },
        "end": {
          "line": 8,
          "column": 115
        }
      },
      "2": {
        "start": {
          "line": 9,
          "column": 0
        },
        "end": {
          "line": 20,
          "column": 280
        }
      },
      "3": {
        "start": {
          "line": 9,
          "column": 211
        },
        "end": {
          "line": 20,
          "column": 5
        }
      },
      "4": {
        "start": {
          "line": 10,
          "column": 8
        },
        "end": {
          "line": 10,
          "column": 41
        }
      },
      "5": {
        "start": {
          "line": 11,
          "column": 8
        },
        "end": {
          "line": 11,
          "column": 48
        }
      },
      "6": {
        "start": {
          "line": 12,
          "column": 8
        },
        "end": {
          "line": 12,
          "column": 47
        }
      },
      "7": {
        "start": {
          "line": 13,
          "column": 8
        },
        "end": {
          "line": 13,
          "column": 32
        }
      },
      "8": {
        "start": {
          "line": 14,
          "column": 8
        },
        "end": {
          "line": 14,
          "column": 26
        }
      },
      "9": {
        "start": {
          "line": 15,
          "column": 8
        },
        "end": {
          "line": 15,
          "column": 26
        }
      },
      "10": {
        "start": {
          "line": 16,
          "column": 8
        },
        "end": {
          "line": 16,
          "column": 49
        }
      },
      "11": {
        "start": {
          "line": 17,
          "column": 8
        },
        "end": {
          "line": 17,
          "column": 49
        }
      },
      "12": {
        "start": {
          "line": 18,
          "column": 8
        },
        "end": {
          "line": 18,
          "column": 26
        }
      },
      "13": {
        "start": {
          "line": 19,
          "column": 8
        },
        "end": {
          "line": 19,
          "column": 26
        }
      }
    },
    "fnMap": {
      "0": {
        "name": "(anonymous_0)",
        "decl": {
          "start": {
            "line": 4,
            "column": 4
          },
          "end": {
            "line": 4,
            "column": 5
          }
        },
        "loc": {
          "start": {
            "line": 4,
            "column": 18
          },
          "end": {
            "line": 4,
            "column": 21
          }
        },
        "line": 4
      },
      "1": {
        "name": "(anonymous_1)",
        "decl": {
          "start": {
            "line": 5,
            "column": 4
          },
          "end": {
            "line": 5,
            "column": 5
          }
        },
        "loc": {
          "start": {
            "line": 5,
            "column": 15
          },
          "end": {
            "line": 6,
            "column": 5
          }
        },
        "line": 5
      },
      "2": {
        "name": "AdminPayrollComponent_Factory",
        "decl": {
          "start": {
            "line": 8,
            "column": 38
          },
          "end": {
            "line": 8,
            "column": 67
          }
        },
        "loc": {
          "start": {
            "line": 8,
            "column": 71
          },
          "end": {
            "line": 8,
            "column": 117
          }
        },
        "line": 8
      },
      "3": {
        "name": "AdminPayrollComponent_Template",
        "decl": {
          "start": {
            "line": 9,
            "column": 169
          },
          "end": {
            "line": 9,
            "column": 199
          }
        },
        "loc": {
          "start": {
            "line": 9,
            "column": 209
          },
          "end": {
            "line": 20,
            "column": 7
          }
        },
        "line": 9
      }
    },
    "branchMap": {
      "0": {
        "loc": {
          "start": {
            "line": 8,
            "column": 85
          },
          "end": {
            "line": 8,
            "column": 111
          }
        },
        "type": "binary-expr",
        "locations": [
          {
            "start": {
              "line": 8,
              "column": 85
            },
            "end": {
              "line": 8,
              "column": 86
            }
          },
          {
            "start": {
              "line": 8,
              "column": 90
            },
            "end": {
              "line": 8,
              "column": 111
            }
          }
        ],
        "line": 8
      },
      "1": {
        "loc": {
          "start": {
            "line": 9,
            "column": 211
          },
          "end": {
            "line": 20,
            "column": 5
          }
        },
        "type": "if",
        "locations": [
          {
            "start": {
              "line": 9,
              "column": 211
            },
            "end": {
              "line": 20,
              "column": 5
            }
          },
          {
            "start": {},
            "end": {}
          }
        ],
        "line": 9
      }
    },
    "s": {
      "0": 1,
      "1": 0,
      "2": 1,
      "3": 0,
      "4": 0,
      "5": 0,
      "6": 0,
      "7": 0,
      "8": 0,
      "9": 0,
      "10": 0,
      "11": 0,
      "12": 0,
      "13": 0
    },
    "f": {
      "0": 0,
      "1": 0,
      "2": 0,
      "3": 0
    },
    "b": {
      "0": [
        0,
        0
      ],
      "1": [
        0,
        0
      ]
    },
    "inputSourceMap": {
      "version": 3,
      "file": "admin-payroll.component.js",
      "sourceRoot": "",
      "sources": [
        "D:\\ALEXANDRE\\CYPRESS\\cypress-code-coverage\\angular13-fundamentals-workshop\\src\\app\\examples\\child-routes\\admin-payroll\\admin-payroll.component.ts",
        "D:\\ALEXANDRE\\CYPRESS\\cypress-code-coverage\\angular13-fundamentals-workshop\\src\\app\\examples\\child-routes\\admin-payroll\\admin-payroll.component.html"
      ],
      "names": [],
      "mappings": ";;AAOA,MAAM,OAAO,qBAAqB;IAEhC,gBAAgB,CAAC;IAEjB,QAAQ;IACR,CAAC;;0FALU,qBAAqB;wEAArB,qBAAqB;QCPlC,gCAAU;QACR,uCAAiB;QACf,sCAAgB;QAAA,uBAAO;QAAA,iBAAiB;QAC1C,iBAAkB;QAClB,wCAAkB;QAChB,wCACF;QAAA,iBAAmB;QACrB,iBAAW",
      "sourcesContent": [
        "import { Component, OnInit } from '@angular/core';\r\n\r\n@Component({\r\n  selector: 'app-admin-payroll',\r\n  templateUrl: './admin-payroll.component.html',\r\n  styleUrls: ['./admin-payroll.component.scss']\r\n})\r\nexport class AdminPayrollComponent implements OnInit {\r\n\r\n  constructor() { }\r\n\r\n  ngOnInit(): void {\r\n  }\r\n\r\n}\r\n",
        "<mat-card>\r\n  <mat-card-header>\r\n    <mat-card-title>Payroll</mat-card-title>\r\n  </mat-card-header>\r\n  <mat-card-content>\r\n    This is a child route.\r\n  </mat-card-content>\r\n</mat-card>\r\n"
      ]
    },
    "_coverageSchema": "1a1c01bbd47fc00a2c39e90264f33305004495a9",
    "hash": "32b793c973482569686e64a763a374635a7e394b"
  },
  "D:\\ALEXANDRE\\CYPRESS\\cypress-code-coverage\\angular13-fundamentals-workshop\\src\\app\\examples\\child-routes\\admin-vacation\\admin-vacation.component.ts": {
    "path": "D:\\ALEXANDRE\\CYPRESS\\cypress-code-coverage\\angular13-fundamentals-workshop\\src\\app\\examples\\child-routes\\admin-vacation\\admin-vacation.component.ts",
    "statementMap": {
      "0": {
        "start": {
          "line": 8,
          "column": 0
        },
        "end": {
          "line": 8,
          "column": 121
        }
      },
      "1": {
        "start": {
          "line": 8,
          "column": 75
        },
        "end": {
          "line": 8,
          "column": 118
        }
      },
      "2": {
        "start": {
          "line": 9,
          "column": 0
        },
        "end": {
          "line": 20,
          "column": 280
        }
      },
      "3": {
        "start": {
          "line": 9,
          "column": 215
        },
        "end": {
          "line": 20,
          "column": 5
        }
      },
      "4": {
        "start": {
          "line": 10,
          "column": 8
        },
        "end": {
          "line": 10,
          "column": 41
        }
      },
      "5": {
        "start": {
          "line": 11,
          "column": 8
        },
        "end": {
          "line": 11,
          "column": 48
        }
      },
      "6": {
        "start": {
          "line": 12,
          "column": 8
        },
        "end": {
          "line": 12,
          "column": 47
        }
      },
      "7": {
        "start": {
          "line": 13,
          "column": 8
        },
        "end": {
          "line": 13,
          "column": 33
        }
      },
      "8": {
        "start": {
          "line": 14,
          "column": 8
        },
        "end": {
          "line": 14,
          "column": 26
        }
      },
      "9": {
        "start": {
          "line": 15,
          "column": 8
        },
        "end": {
          "line": 15,
          "column": 26
        }
      },
      "10": {
        "start": {
          "line": 16,
          "column": 8
        },
        "end": {
          "line": 16,
          "column": 49
        }
      },
      "11": {
        "start": {
          "line": 17,
          "column": 8
        },
        "end": {
          "line": 17,
          "column": 49
        }
      },
      "12": {
        "start": {
          "line": 18,
          "column": 8
        },
        "end": {
          "line": 18,
          "column": 26
        }
      },
      "13": {
        "start": {
          "line": 19,
          "column": 8
        },
        "end": {
          "line": 19,
          "column": 26
        }
      }
    },
    "fnMap": {
      "0": {
        "name": "(anonymous_0)",
        "decl": {
          "start": {
            "line": 4,
            "column": 4
          },
          "end": {
            "line": 4,
            "column": 5
          }
        },
        "loc": {
          "start": {
            "line": 4,
            "column": 18
          },
          "end": {
            "line": 4,
            "column": 21
          }
        },
        "line": 4
      },
      "1": {
        "name": "(anonymous_1)",
        "decl": {
          "start": {
            "line": 5,
            "column": 4
          },
          "end": {
            "line": 5,
            "column": 5
          }
        },
        "loc": {
          "start": {
            "line": 5,
            "column": 15
          },
          "end": {
            "line": 6,
            "column": 5
          }
        },
        "line": 5
      },
      "2": {
        "name": "AdminVacationComponent_Factory",
        "decl": {
          "start": {
            "line": 8,
            "column": 39
          },
          "end": {
            "line": 8,
            "column": 69
          }
        },
        "loc": {
          "start": {
            "line": 8,
            "column": 73
          },
          "end": {
            "line": 8,
            "column": 120
          }
        },
        "line": 8
      },
      "3": {
        "name": "AdminVacationComponent_Template",
        "decl": {
          "start": {
            "line": 9,
            "column": 172
          },
          "end": {
            "line": 9,
            "column": 203
          }
        },
        "loc": {
          "start": {
            "line": 9,
            "column": 213
          },
          "end": {
            "line": 20,
            "column": 7
          }
        },
        "line": 9
      }
    },
    "branchMap": {
      "0": {
        "loc": {
          "start": {
            "line": 8,
            "column": 87
          },
          "end": {
            "line": 8,
            "column": 114
          }
        },
        "type": "binary-expr",
        "locations": [
          {
            "start": {
              "line": 8,
              "column": 87
            },
            "end": {
              "line": 8,
              "column": 88
            }
          },
          {
            "start": {
              "line": 8,
              "column": 92
            },
            "end": {
              "line": 8,
              "column": 114
            }
          }
        ],
        "line": 8
      },
      "1": {
        "loc": {
          "start": {
            "line": 9,
            "column": 215
          },
          "end": {
            "line": 20,
            "column": 5
          }
        },
        "type": "if",
        "locations": [
          {
            "start": {
              "line": 9,
              "column": 215
            },
            "end": {
              "line": 20,
              "column": 5
            }
          },
          {
            "start": {},
            "end": {}
          }
        ],
        "line": 9
      }
    },
    "s": {
      "0": 1,
      "1": 0,
      "2": 1,
      "3": 0,
      "4": 0,
      "5": 0,
      "6": 0,
      "7": 0,
      "8": 0,
      "9": 0,
      "10": 0,
      "11": 0,
      "12": 0,
      "13": 0
    },
    "f": {
      "0": 0,
      "1": 0,
      "2": 0,
      "3": 0
    },
    "b": {
      "0": [
        0,
        0
      ],
      "1": [
        0,
        0
      ]
    },
    "inputSourceMap": {
      "version": 3,
      "file": "admin-vacation.component.js",
      "sourceRoot": "",
      "sources": [
        "D:\\ALEXANDRE\\CYPRESS\\cypress-code-coverage\\angular13-fundamentals-workshop\\src\\app\\examples\\child-routes\\admin-vacation\\admin-vacation.component.ts",
        "D:\\ALEXANDRE\\CYPRESS\\cypress-code-coverage\\angular13-fundamentals-workshop\\src\\app\\examples\\child-routes\\admin-vacation\\admin-vacation.component.html"
      ],
      "names": [],
      "mappings": ";;AAOA,MAAM,OAAO,sBAAsB;IAEjC,gBAAgB,CAAC;IAEjB,QAAQ;IACR,CAAC;;4FALU,sBAAsB;yEAAtB,sBAAsB;QCPnC,gCAAU;QACR,uCAAiB;QACf,sCAAgB;QAAA,wBAAQ;QAAA,iBAAiB;QAC3C,iBAAkB;QAClB,wCAAkB;QAChB,wCACF;QAAA,iBAAmB;QACrB,iBAAW",
      "sourcesContent": [
        "import { Component, OnInit } from '@angular/core';\r\n\r\n@Component({\r\n  selector: 'app-admin-vacation',\r\n  templateUrl: './admin-vacation.component.html',\r\n  styleUrls: ['./admin-vacation.component.scss']\r\n})\r\nexport class AdminVacationComponent implements OnInit {\r\n\r\n  constructor() { }\r\n\r\n  ngOnInit(): void {\r\n  }\r\n\r\n}\r\n",
        "<mat-card>\r\n  <mat-card-header>\r\n    <mat-card-title>Vacation</mat-card-title>\r\n  </mat-card-header>\r\n  <mat-card-content>\r\n    This is a child route.\r\n  </mat-card-content>\r\n</mat-card>\r\n"
      ]
    },
    "_coverageSchema": "1a1c01bbd47fc00a2c39e90264f33305004495a9",
    "hash": "1876b0e04fee365885c6f50f340844981d656cd5"
  },
  "D:\\ALEXANDRE\\CYPRESS\\cypress-code-coverage\\angular13-fundamentals-workshop\\src\\app\\examples\\child-routes\\admin.component.ts": {
    "path": "D:\\ALEXANDRE\\CYPRESS\\cypress-code-coverage\\angular13-fundamentals-workshop\\src\\app\\examples\\child-routes\\admin.component.ts",
    "statementMap": {
      "0": {
        "start": {
          "line": 6,
          "column": 12
        },
        "end": {
          "line": 6,
          "column": 66
        }
      },
      "1": {
        "start": {
          "line": 6,
          "column": 26
        },
        "end": {
          "line": 6,
          "column": 64
        }
      },
      "2": {
        "start": {
          "line": 7,
          "column": 12
        },
        "end": {
          "line": 7,
          "column": 67
        }
      },
      "3": {
        "start": {
          "line": 7,
          "column": 26
        },
        "end": {
          "line": 7,
          "column": 65
        }
      },
      "4": {
        "start": {
          "line": 13,
          "column": 0
        },
        "end": {
          "line": 13,
          "column": 97
        }
      },
      "5": {
        "start": {
          "line": 13,
          "column": 59
        },
        "end": {
          "line": 13,
          "column": 94
        }
      },
      "6": {
        "start": {
          "line": 14,
          "column": 0
        },
        "end": {
          "line": 42,
          "column": 308
        }
      },
      "7": {
        "start": {
          "line": 14,
          "column": 233
        },
        "end": {
          "line": 37,
          "column": 5
        }
      },
      "8": {
        "start": {
          "line": 15,
          "column": 8
        },
        "end": {
          "line": 15,
          "column": 47
        }
      },
      "9": {
        "start": {
          "line": 16,
          "column": 8
        },
        "end": {
          "line": 16,
          "column": 48
        }
      },
      "10": {
        "start": {
          "line": 17,
          "column": 8
        },
        "end": {
          "line": 17,
          "column": 26
        }
      },
      "11": {
        "start": {
          "line": 18,
          "column": 8
        },
        "end": {
          "line": 18,
          "column": 36
        }
      },
      "12": {
        "start": {
          "line": 19,
          "column": 8
        },
        "end": {
          "line": 19,
          "column": 36
        }
      },
      "13": {
        "start": {
          "line": 20,
          "column": 8
        },
        "end": {
          "line": 20,
          "column": 41
        }
      },
      "14": {
        "start": {
          "line": 21,
          "column": 8
        },
        "end": {
          "line": 21,
          "column": 49
        }
      },
      "15": {
        "start": {
          "line": 22,
          "column": 8
        },
        "end": {
          "line": 22,
          "column": 41
        }
      },
      "16": {
        "start": {
          "line": 23,
          "column": 8
        },
        "end": {
          "line": 23,
          "column": 49
        }
      },
      "17": {
        "start": {
          "line": 24,
          "column": 8
        },
        "end": {
          "line": 24,
          "column": 34
        }
      },
      "18": {
        "start": {
          "line": 25,
          "column": 8
        },
        "end": {
          "line": 25,
          "column": 26
        }
      },
      "19": {
        "start": {
          "line": 26,
          "column": 8
        },
        "end": {
          "line": 26,
          "column": 49
        }
      },
      "20": {
        "start": {
          "line": 27,
          "column": 8
        },
        "end": {
          "line": 27,
          "column": 36
        }
      },
      "21": {
        "start": {
          "line": 28,
          "column": 8
        },
        "end": {
          "line": 28,
          "column": 26
        }
      },
      "22": {
        "start": {
          "line": 29,
          "column": 8
        },
        "end": {
          "line": 29,
          "column": 26
        }
      },
      "23": {
        "start": {
          "line": 30,
          "column": 8
        },
        "end": {
          "line": 30,
          "column": 26
        }
      },
      "24": {
        "start": {
          "line": 31,
          "column": 8
        },
        "end": {
          "line": 31,
          "column": 26
        }
      },
      "25": {
        "start": {
          "line": 32,
          "column": 8
        },
        "end": {
          "line": 32,
          "column": 26
        }
      },
      "26": {
        "start": {
          "line": 33,
          "column": 8
        },
        "end": {
          "line": 33,
          "column": 37
        }
      },
      "27": {
        "start": {
          "line": 34,
          "column": 8
        },
        "end": {
          "line": 34,
          "column": 42
        }
      },
      "28": {
        "start": {
          "line": 35,
          "column": 8
        },
        "end": {
          "line": 35,
          "column": 26
        }
      },
      "29": {
        "start": {
          "line": 36,
          "column": 8
        },
        "end": {
          "line": 36,
          "column": 26
        }
      },
      "30": {
        "start": {
          "line": 37,
          "column": 6
        },
        "end": {
          "line": 42,
          "column": 5
        }
      },
      "31": {
        "start": {
          "line": 38,
          "column": 8
        },
        "end": {
          "line": 38,
          "column": 24
        }
      },
      "32": {
        "start": {
          "line": 39,
          "column": 8
        },
        "end": {
          "line": 39,
          "column": 64
        }
      },
      "33": {
        "start": {
          "line": 40,
          "column": 8
        },
        "end": {
          "line": 40,
          "column": 24
        }
      },
      "34": {
        "start": {
          "line": 41,
          "column": 8
        },
        "end": {
          "line": 41,
          "column": 64
        }
      }
    },
    "fnMap": {
      "0": {
        "name": "(anonymous_0)",
        "decl": {
          "start": {
            "line": 6,
            "column": 12
          },
          "end": {
            "line": 6,
            "column": 13
          }
        },
        "loc": {
          "start": {
            "line": 6,
            "column": 24
          },
          "end": {
            "line": 6,
            "column": 66
          }
        },
        "line": 6
      },
      "1": {
        "name": "(anonymous_1)",
        "decl": {
          "start": {
            "line": 7,
            "column": 12
          },
          "end": {
            "line": 7,
            "column": 13
          }
        },
        "loc": {
          "start": {
            "line": 7,
            "column": 24
          },
          "end": {
            "line": 7,
            "column": 67
          }
        },
        "line": 7
      },
      "2": {
        "name": "(anonymous_2)",
        "decl": {
          "start": {
            "line": 9,
            "column": 4
          },
          "end": {
            "line": 9,
            "column": 5
          }
        },
        "loc": {
          "start": {
            "line": 9,
            "column": 18
          },
          "end": {
            "line": 9,
            "column": 21
          }
        },
        "line": 9
      },
      "3": {
        "name": "(anonymous_3)",
        "decl": {
          "start": {
            "line": 10,
            "column": 4
          },
          "end": {
            "line": 10,
            "column": 5
          }
        },
        "loc": {
          "start": {
            "line": 10,
            "column": 15
          },
          "end": {
            "line": 11,
            "column": 5
          }
        },
        "line": 10
      },
      "4": {
        "name": "AdminComponent_Factory",
        "decl": {
          "start": {
            "line": 13,
            "column": 31
          },
          "end": {
            "line": 13,
            "column": 53
          }
        },
        "loc": {
          "start": {
            "line": 13,
            "column": 57
          },
          "end": {
            "line": 13,
            "column": 96
          }
        },
        "line": 13
      },
      "5": {
        "name": "AdminComponent_Template",
        "decl": {
          "start": {
            "line": 14,
            "column": 198
          },
          "end": {
            "line": 14,
            "column": 221
          }
        },
        "loc": {
          "start": {
            "line": 14,
            "column": 231
          },
          "end": {
            "line": 42,
            "column": 7
          }
        },
        "line": 14
      }
    },
    "branchMap": {
      "0": {
        "loc": {
          "start": {
            "line": 13,
            "column": 71
          },
          "end": {
            "line": 13,
            "column": 90
          }
        },
        "type": "binary-expr",
        "locations": [
          {
            "start": {
              "line": 13,
              "column": 71
            },
            "end": {
              "line": 13,
              "column": 72
            }
          },
          {
            "start": {
              "line": 13,
              "column": 76
            },
            "end": {
              "line": 13,
              "column": 90
            }
          }
        ],
        "line": 13
      },
      "1": {
        "loc": {
          "start": {
            "line": 14,
            "column": 233
          },
          "end": {
            "line": 37,
            "column": 5
          }
        },
        "type": "if",
        "locations": [
          {
            "start": {
              "line": 14,
              "column": 233
            },
            "end": {
              "line": 37,
              "column": 5
            }
          },
          {
            "start": {},
            "end": {}
          }
        ],
        "line": 14
      },
      "2": {
        "loc": {
          "start": {
            "line": 37,
            "column": 6
          },
          "end": {
            "line": 42,
            "column": 5
          }
        },
        "type": "if",
        "locations": [
          {
            "start": {
              "line": 37,
              "column": 6
            },
            "end": {
              "line": 42,
              "column": 5
            }
          },
          {
            "start": {},
            "end": {}
          }
        ],
        "line": 37
      }
    },
    "s": {
      "0": 1,
      "1": 0,
      "2": 1,
      "3": 0,
      "4": 1,
      "5": 0,
      "6": 1,
      "7": 0,
      "8": 0,
      "9": 0,
      "10": 0,
      "11": 0,
      "12": 0,
      "13": 0,
      "14": 0,
      "15": 0,
      "16": 0,
      "17": 0,
      "18": 0,
      "19": 0,
      "20": 0,
      "21": 0,
      "22": 0,
      "23": 0,
      "24": 0,
      "25": 0,
      "26": 0,
      "27": 0,
      "28": 0,
      "29": 0,
      "30": 0,
      "31": 0,
      "32": 0,
      "33": 0,
      "34": 0
    },
    "f": {
      "0": 0,
      "1": 0,
      "2": 0,
      "3": 0,
      "4": 0,
      "5": 0
    },
    "b": {
      "0": [
        0,
        0
      ],
      "1": [
        0,
        0
      ],
      "2": [
        0,
        0
      ]
    },
    "inputSourceMap": {
      "version": 3,
      "file": "admin.component.js",
      "sourceRoot": "",
      "sources": [
        "D:\\ALEXANDRE\\CYPRESS\\cypress-code-coverage\\angular13-fundamentals-workshop\\src\\app\\examples\\child-routes\\admin.component.ts",
        "D:\\ALEXANDRE\\CYPRESS\\cypress-code-coverage\\angular13-fundamentals-workshop\\src\\app\\examples\\child-routes\\admin.component.html"
      ],
      "names": [],
      "mappings": ";;;;;;;AAOA,MAAM,OAAO,cAAc;IAEzB,gBAAgB,CAAC;IAEjB,QAAQ;IACR,CAAC;;4EALU,cAAc;iEAAd,cAAc;QCP3B,sCAA4B;QAC1B,uCACF;QAAA,iBAAc;QAEd,2BAAK;QACH,2BAAK;QACH,gCAAU;QACR,wCAAkB;QAChB,gCAAU;QACR,wCAA6D;QAC3D,yBACF;QAAA,iBAAgB;QAChB,wCAA8D;QAC5D,2BACF;QAAA,iBAAgB;QAClB,iBAAW;QACb,iBAAmB;QACrB,iBAAW;QACb,iBAAM;QACN,4BAAK;QACH,iCAA+B;QACjC,iBAAM;QACR,iBAAM;;QAbmB,eAA6C;QAA7C,uDAA6C;QAG7C,eAA8C;QAA9C,uDAA8C",
      "sourcesContent": [
        "import { Component, OnInit } from '@angular/core';\r\n\r\n@Component({\r\n  selector: 'app-admin',\r\n  templateUrl: './admin.component.html',\r\n  styleUrls: ['./admin.component.scss']\r\n})\r\nexport class AdminComponent implements OnInit {\r\n\r\n  constructor() { }\r\n\r\n  ngOnInit(): void {\r\n  }\r\n\r\n}\r\n",
        "<mat-toolbar color=\"accent\">\r\n  Child Routes Example\r\n</mat-toolbar>\r\n\r\n<div>\r\n  <div>\r\n    <mat-card>\r\n      <mat-card-content>\r\n        <mat-list>\r\n          <mat-list-item [routerLink]=\"['/examples/child', 'payroll']\">\r\n            Payroll\r\n          </mat-list-item>\r\n          <mat-list-item [routerLink]=\"['/examples/child', 'vacation']\">\r\n            Vacation\r\n          </mat-list-item>\r\n        </mat-list>\r\n      </mat-card-content>\r\n    </mat-card>\r\n  </div>\r\n  <div>\r\n    <router-outlet></router-outlet>\r\n  </div>\r\n</div>\r\n"
      ]
    },
    "_coverageSchema": "1a1c01bbd47fc00a2c39e90264f33305004495a9",
    "hash": "44ac5e84e560188894e54d63cf0b4a6506e760c4"
  },
  "D:\\ALEXANDRE\\CYPRESS\\cypress-code-coverage\\angular13-fundamentals-workshop\\src\\app\\shared\\services\\notifications\\notification.service.ts": {
    "path": "D:\\ALEXANDRE\\CYPRESS\\cypress-code-coverage\\angular13-fundamentals-workshop\\src\\app\\shared\\services\\notifications\\notification.service.ts",
    "statementMap": {
      "0": {
        "start": {
          "line": 5,
          "column": 8
        },
        "end": {
          "line": 5,
          "column": 33
        }
      },
      "1": {
        "start": {
          "line": 8,
          "column": 8
        },
        "end": {
          "line": 12,
          "column": 11
        }
      },
      "2": {
        "start": {
          "line": 15,
          "column": 0
        },
        "end": {
          "line": 15,
          "column": 139
        }
      },
      "3": {
        "start": {
          "line": 15,
          "column": 69
        },
        "end": {
          "line": 15,
          "column": 136
        }
      },
      "4": {
        "start": {
          "line": 16,
          "column": 0
        },
        "end": {
          "line": 16,
          "column": 151
        }
      }
    },
    "fnMap": {
      "0": {
        "name": "(anonymous_0)",
        "decl": {
          "start": {
            "line": 4,
            "column": 4
          },
          "end": {
            "line": 4,
            "column": 5
          }
        },
        "loc": {
          "start": {
            "line": 4,
            "column": 26
          },
          "end": {
            "line": 6,
            "column": 5
          }
        },
        "line": 4
      },
      "1": {
        "name": "(anonymous_1)",
        "decl": {
          "start": {
            "line": 7,
            "column": 4
          },
          "end": {
            "line": 7,
            "column": 5
          }
        },
        "loc": {
          "start": {
            "line": 7,
            "column": 20
          },
          "end": {
            "line": 13,
            "column": 5
          }
        },
        "line": 7
      },
      "2": {
        "name": "NotificationService_Factory",
        "decl": {
          "start": {
            "line": 15,
            "column": 36
          },
          "end": {
            "line": 15,
            "column": 63
          }
        },
        "loc": {
          "start": {
            "line": 15,
            "column": 67
          },
          "end": {
            "line": 15,
            "column": 138
          }
        },
        "line": 15
      }
    },
    "branchMap": {
      "0": {
        "loc": {
          "start": {
            "line": 15,
            "column": 81
          },
          "end": {
            "line": 15,
            "column": 105
          }
        },
        "type": "binary-expr",
        "locations": [
          {
            "start": {
              "line": 15,
              "column": 81
            },
            "end": {
              "line": 15,
              "column": 82
            }
          },
          {
            "start": {
              "line": 15,
              "column": 86
            },
            "end": {
              "line": 15,
              "column": 105
            }
          }
        ],
        "line": 15
      }
    },
    "s": {
      "0": 1,
      "1": 2,
      "2": 1,
      "3": 1,
      "4": 1
    },
    "f": {
      "0": 1,
      "1": 2,
      "2": 1
    },
    "b": {
      "0": [
        1,
        1
      ]
    },
    "inputSourceMap": {
      "version": 3,
      "file": "notification.service.js",
      "sourceRoot": "",
      "sources": [
        "D:\\ALEXANDRE\\CYPRESS\\cypress-code-coverage\\angular13-fundamentals-workshop\\src\\app\\shared\\services\\notifications\\notification.service.ts"
      ],
      "names": [],
      "mappings": ";;AAMA,MAAM,OAAO,mBAAmB;IAC9B,YAAoB,QAAqB;QAArB,aAAQ,GAAR,QAAQ,CAAa;IAAG,CAAC;IAE7C,MAAM,CAAC,OAAe;QACpB,IAAI,CAAC,QAAQ,CAAC,IAAI,CAAC,OAAO,EAAE,OAAO,EAAE;YACnC,QAAQ,EAAE,IAAI;YACd,kBAAkB,EAAE,OAAO;YAC3B,gBAAgB,EAAE,KAAK;SACxB,CAAC,CAAC;IACL,CAAC;;sFATU,mBAAmB;yEAAnB,mBAAmB,WAAnB,mBAAmB,mBAFlB,MAAM",
      "sourcesContent": [
        "import { Injectable } from '@angular/core';\r\nimport { MatSnackBar } from '@angular/material/snack-bar';\r\n\r\n@Injectable({\r\n  providedIn: 'root',\r\n})\r\nexport class NotificationService {\r\n  constructor(private snackBar: MatSnackBar) {}\r\n\r\n  notify(message: string) {\r\n    this.snackBar.open(message, 'CLOSE', {\r\n      duration: 3000,\r\n      horizontalPosition: 'right',\r\n      verticalPosition: 'top',\r\n    });\r\n  }\r\n}\r\n"
      ]
    },
    "_coverageSchema": "1a1c01bbd47fc00a2c39e90264f33305004495a9",
    "hash": "6eb175357c84f2d326721ee29923b2a3175e189a"
  },
  "D:\\ALEXANDRE\\CYPRESS\\cypress-code-coverage\\angular13-fundamentals-workshop\\src\\app\\shared\\services\\courses\\courses.service.ts": {
    "path": "D:\\ALEXANDRE\\CYPRESS\\cypress-code-coverage\\angular13-fundamentals-workshop\\src\\app\\shared\\services\\courses\\courses.service.ts",
    "statementMap": {
      "0": {
        "start": {
          "line": 4,
          "column": 17
        },
        "end": {
          "line": 4,
          "column": 40
        }
      },
      "1": {
        "start": {
          "line": 7,
          "column": 8
        },
        "end": {
          "line": 7,
          "column": 25
        }
      },
      "2": {
        "start": {
          "line": 8,
          "column": 8
        },
        "end": {
          "line": 8,
          "column": 55
        }
      },
      "3": {
        "start": {
          "line": 9,
          "column": 8
        },
        "end": {
          "line": 9,
          "column": 31
        }
      },
      "4": {
        "start": {
          "line": 12,
          "column": 8
        },
        "end": {
          "line": 14,
          "column": 9
        }
      },
      "5": {
        "start": {
          "line": 13,
          "column": 12
        },
        "end": {
          "line": 13,
          "column": 73
        }
      },
      "6": {
        "start": {
          "line": 15,
          "column": 8
        },
        "end": {
          "line": 15,
          "column": 44
        }
      },
      "7": {
        "start": {
          "line": 18,
          "column": 8
        },
        "end": {
          "line": 18,
          "column": 67
        }
      },
      "8": {
        "start": {
          "line": 19,
          "column": 8
        },
        "end": {
          "line": 19,
          "column": 53
        }
      },
      "9": {
        "start": {
          "line": 22,
          "column": 8
        },
        "end": {
          "line": 22,
          "column": 67
        }
      },
      "10": {
        "start": {
          "line": 23,
          "column": 8
        },
        "end": {
          "line": 23,
          "column": 67
        }
      },
      "11": {
        "start": {
          "line": 26,
          "column": 8
        },
        "end": {
          "line": 26,
          "column": 67
        }
      },
      "12": {
        "start": {
          "line": 27,
          "column": 8
        },
        "end": {
          "line": 27,
          "column": 55
        }
      },
      "13": {
        "start": {
          "line": 30,
          "column": 8
        },
        "end": {
          "line": 30,
          "column": 43
        }
      },
      "14": {
        "start": {
          "line": 33,
          "column": 8
        },
        "end": {
          "line": 33,
          "column": 40
        }
      },
      "15": {
        "start": {
          "line": 36,
          "column": 0
        },
        "end": {
          "line": 36,
          "column": 160
        }
      },
      "16": {
        "start": {
          "line": 36,
          "column": 59
        },
        "end": {
          "line": 36,
          "column": 157
        }
      },
      "17": {
        "start": {
          "line": 37,
          "column": 0
        },
        "end": {
          "line": 37,
          "column": 136
        }
      }
    },
    "fnMap": {
      "0": {
        "name": "(anonymous_0)",
        "decl": {
          "start": {
            "line": 6,
            "column": 4
          },
          "end": {
            "line": 6,
            "column": 5
          }
        },
        "loc": {
          "start": {
            "line": 6,
            "column": 43
          },
          "end": {
            "line": 10,
            "column": 5
          }
        },
        "line": 6
      },
      "1": {
        "name": "(anonymous_1)",
        "decl": {
          "start": {
            "line": 11,
            "column": 4
          },
          "end": {
            "line": 11,
            "column": 5
          }
        },
        "loc": {
          "start": {
            "line": 11,
            "column": 39
          },
          "end": {
            "line": 16,
            "column": 5
          }
        },
        "line": 11
      },
      "2": {
        "name": "(anonymous_2)",
        "decl": {
          "start": {
            "line": 17,
            "column": 4
          },
          "end": {
            "line": 17,
            "column": 5
          }
        },
        "loc": {
          "start": {
            "line": 17,
            "column": 25
          },
          "end": {
            "line": 20,
            "column": 5
          }
        },
        "line": 17
      },
      "3": {
        "name": "(anonymous_3)",
        "decl": {
          "start": {
            "line": 21,
            "column": 4
          },
          "end": {
            "line": 21,
            "column": 5
          }
        },
        "loc": {
          "start": {
            "line": 21,
            "column": 25
          },
          "end": {
            "line": 24,
            "column": 5
          }
        },
        "line": 21
      },
      "4": {
        "name": "(anonymous_4)",
        "decl": {
          "start": {
            "line": 25,
            "column": 4
          },
          "end": {
            "line": 25,
            "column": 5
          }
        },
        "loc": {
          "start": {
            "line": 25,
            "column": 21
          },
          "end": {
            "line": 28,
            "column": 5
          }
        },
        "line": 25
      },
      "5": {
        "name": "(anonymous_5)",
        "decl": {
          "start": {
            "line": 29,
            "column": 4
          },
          "end": {
            "line": 29,
            "column": 5
          }
        },
        "loc": {
          "start": {
            "line": 29,
            "column": 13
          },
          "end": {
            "line": 31,
            "column": 5
          }
        },
        "line": 29
      },
      "6": {
        "name": "(anonymous_6)",
        "decl": {
          "start": {
            "line": 32,
            "column": 4
          },
          "end": {
            "line": 32,
            "column": 5
          }
        },
        "loc": {
          "start": {
            "line": 32,
            "column": 21
          },
          "end": {
            "line": 34,
            "column": 5
          }
        },
        "line": 32
      },
      "7": {
        "name": "CoursesService_Factory",
        "decl": {
          "start": {
            "line": 36,
            "column": 31
          },
          "end": {
            "line": 36,
            "column": 53
          }
        },
        "loc": {
          "start": {
            "line": 36,
            "column": 57
          },
          "end": {
            "line": 36,
            "column": 159
          }
        },
        "line": 36
      }
    },
    "branchMap": {
      "0": {
        "loc": {
          "start": {
            "line": 12,
            "column": 8
          },
          "end": {
            "line": 14,
            "column": 9
          }
        },
        "type": "if",
        "locations": [
          {
            "start": {
              "line": 12,
              "column": 8
            },
            "end": {
              "line": 14,
              "column": 9
            }
          },
          {
            "start": {},
            "end": {}
          }
        ],
        "line": 12
      },
      "1": {
        "loc": {
          "start": {
            "line": 36,
            "column": 71
          },
          "end": {
            "line": 36,
            "column": 90
          }
        },
        "type": "binary-expr",
        "locations": [
          {
            "start": {
              "line": 36,
              "column": 71
            },
            "end": {
              "line": 36,
              "column": 72
            }
          },
          {
            "start": {
              "line": 36,
              "column": 76
            },
            "end": {
              "line": 36,
              "column": 90
            }
          }
        ],
        "line": 36
      }
    },
    "s": {
      "0": 1,
      "1": 1,
      "2": 1,
      "3": 1,
      "4": 1,
      "5": 1,
      "6": 1,
      "7": 1,
      "8": 1,
      "9": 0,
      "10": 0,
      "11": 0,
      "12": 0,
      "13": 2,
      "14": 0,
      "15": 1,
      "16": 1,
      "17": 1
    },
    "f": {
      "0": 1,
      "1": 1,
      "2": 1,
      "3": 0,
      "4": 0,
      "5": 2,
      "6": 0,
      "7": 1
    },
    "b": {
      "0": [
        1,
        0
      ],
      "1": [
        1,
        1
      ]
    },
    "inputSourceMap": {
      "version": 3,
      "file": "courses.service.js",
      "sourceRoot": "",
      "sources": [
        "D:\\ALEXANDRE\\CYPRESS\\cypress-code-coverage\\angular13-fundamentals-workshop\\src\\app\\shared\\services\\courses\\courses.service.ts"
      ],
      "names": [],
      "mappings": ";;;AAMA,MAAM,QAAQ,GAAG,uBAAuB,CAAC;AAKzC,MAAM,OAAO,cAAc;IAGzB,YACU,IAAgB,EAChB,mBAAwC;QADxC,SAAI,GAAJ,IAAI,CAAY;QAChB,wBAAmB,GAAnB,mBAAmB,CAAqB;QAJlD,UAAK,GAAG,SAAS,CAAC;IAKf,CAAC;IAEJ,aAAa,CAAC,mBAA4B;QACxC,IAAI,mBAAmB,EAAE;YACvB,IAAI,CAAC,mBAAmB,CAAC,MAAM,CAAC,2BAA2B,CAAC,CAAC;SAC9D;QACD,OAAO,IAAI,CAAC,IAAI,CAAC,GAAG,CAAW,IAAI,CAAC,MAAM,EAAE,CAAC,CAAC;IAChD,CAAC;IAED,YAAY,CAAC,MAAc;QACzB,IAAI,CAAC,mBAAmB,CAAC,MAAM,CAAC,yBAAyB,CAAC,CAAC;QAC3D,OAAO,IAAI,CAAC,IAAI,CAAC,IAAI,CAAS,IAAI,CAAC,MAAM,EAAE,EAAE,MAAM,CAAC,CAAC;IACvD,CAAC;IAED,YAAY,CAAC,MAAc;QACzB,IAAI,CAAC,mBAAmB,CAAC,MAAM,CAAC,yBAAyB,CAAC,CAAC;QAC3D,OAAO,IAAI,CAAC,IAAI,CAAC,GAAG,CAAS,IAAI,CAAC,YAAY,CAAC,MAAM,CAAC,EAAE,CAAC,EAAE,MAAM,CAAC,CAAC;IACrE,CAAC;IAED,YAAY,CAAC,EAAU;QACrB,IAAI,CAAC,mBAAmB,CAAC,MAAM,CAAC,yBAAyB,CAAC,CAAC;QAC3D,OAAO,IAAI,CAAC,IAAI,CAAC,MAAM,CAAC,IAAI,CAAC,YAAY,CAAC,EAAE,CAAC,CAAC,CAAC;IACjD,CAAC;IAEO,MAAM;QACZ,OAAO,GAAG,QAAQ,IAAI,IAAI,CAAC,KAAK,EAAE,CAAC;IACrC,CAAC;IAEO,YAAY,CAAC,EAAE;QACrB,OAAO,GAAG,IAAI,CAAC,MAAM,EAAE,IAAI,EAAE,EAAE,CAAC;IAClC,CAAC;;4EApCU,cAAc;oEAAd,cAAc,WAAd,cAAc,mBAFb,MAAM",
      "sourcesContent": [
        "import { HttpClient } from '@angular/common/http';\r\nimport { Injectable } from '@angular/core';\r\n\r\nimport { Course } from '../../interfaces/course.interface';\r\nimport { NotificationService } from '../notifications/notification.service';\r\n\r\nconst BASE_URL = 'http://localhost:3000';\r\n\r\n@Injectable({\r\n  providedIn: 'root',\r\n})\r\nexport class CoursesService {\r\n  model = 'courses';\r\n\r\n  constructor(\r\n    private http: HttpClient,\r\n    private notificationService: NotificationService\r\n  ) {}\r\n\r\n  getAllCourses(displayNotification: boolean) {\r\n    if (displayNotification) {\r\n      this.notificationService.notify('Get All Courses HTTP Call');\r\n    }\r\n    return this.http.get<Course[]>(this.getUrl());\r\n  }\r\n\r\n  createCourse(course: Course) {\r\n    this.notificationService.notify('Create Course HTTP Call');\r\n    return this.http.post<Course>(this.getUrl(), course);\r\n  }\r\n\r\n  updateCourse(course: Course) {\r\n    this.notificationService.notify('Update Course HTTP Call');\r\n    return this.http.put<Course>(this.getUrlWithID(course.id), course);\r\n  }\r\n\r\n  deleteCourse(id: number) {\r\n    this.notificationService.notify('Delete Course HTTP Call');\r\n    return this.http.delete(this.getUrlWithID(id));\r\n  }\r\n\r\n  private getUrl() {\r\n    return `${BASE_URL}/${this.model}`;\r\n  }\r\n\r\n  private getUrlWithID(id) {\r\n    return `${this.getUrl()}/${id}`;\r\n  }\r\n}\r\n"
      ]
    },
    "_coverageSchema": "1a1c01bbd47fc00a2c39e90264f33305004495a9",
    "hash": "d740c0aa6343424eb5d4cce5cda4a1512132e339"
  },
  "D:\\ALEXANDRE\\CYPRESS\\cypress-code-coverage\\angular13-fundamentals-workshop\\src\\app\\courses\\courses-list\\courses-list.component.ts": {
    "path": "D:\\ALEXANDRE\\CYPRESS\\cypress-code-coverage\\angular13-fundamentals-workshop\\src\\app\\courses\\courses-list\\courses-list.component.ts",
    "statementMap": {
      "0": {
        "start": {
          "line": 9,
          "column": 66
        },
        "end": {
          "line": 27,
          "column": 1
        }
      },
      "1": {
        "start": {
          "line": 10,
          "column": 16
        },
        "end": {
          "line": 10,
          "column": 37
        }
      },
      "2": {
        "start": {
          "line": 11,
          "column": 4
        },
        "end": {
          "line": 11,
          "column": 45
        }
      },
      "3": {
        "start": {
          "line": 12,
          "column": 4
        },
        "end": {
          "line": 12,
          "column": 278
        }
      },
      "4": {
        "start": {
          "line": 12,
          "column": 137
        },
        "end": {
          "line": 12,
          "column": 158
        }
      },
      "5": {
        "start": {
          "line": 12,
          "column": 178
        },
        "end": {
          "line": 12,
          "column": 199
        }
      },
      "6": {
        "start": {
          "line": 12,
          "column": 216
        },
        "end": {
          "line": 12,
          "column": 234
        }
      },
      "7": {
        "start": {
          "line": 12,
          "column": 236
        },
        "end": {
          "line": 12,
          "column": 274
        }
      },
      "8": {
        "start": {
          "line": 13,
          "column": 4
        },
        "end": {
          "line": 13,
          "column": 34
        }
      },
      "9": {
        "start": {
          "line": 14,
          "column": 4
        },
        "end": {
          "line": 14,
          "column": 17
        }
      },
      "10": {
        "start": {
          "line": 15,
          "column": 4
        },
        "end": {
          "line": 15,
          "column": 30
        }
      },
      "11": {
        "start": {
          "line": 16,
          "column": 4
        },
        "end": {
          "line": 16,
          "column": 22
        }
      },
      "12": {
        "start": {
          "line": 17,
          "column": 4
        },
        "end": {
          "line": 17,
          "column": 33
        }
      },
      "13": {
        "start": {
          "line": 18,
          "column": 4
        },
        "end": {
          "line": 18,
          "column": 17
        }
      },
      "14": {
        "start": {
          "line": 19,
          "column": 4
        },
        "end": {
          "line": 19,
          "column": 22
        }
      },
      "15": {
        "start": {
          "line": 20,
          "column": 4
        },
        "end": {
          "line": 20,
          "column": 38
        }
      },
      "16": {
        "start": {
          "line": 21,
          "column": 4
        },
        "end": {
          "line": 21,
          "column": 315
        }
      },
      "17": {
        "start": {
          "line": 21,
          "column": 136
        },
        "end": {
          "line": 21,
          "column": 157
        }
      },
      "18": {
        "start": {
          "line": 21,
          "column": 177
        },
        "end": {
          "line": 21,
          "column": 198
        }
      },
      "19": {
        "start": {
          "line": 21,
          "column": 215
        },
        "end": {
          "line": 21,
          "column": 233
        }
      },
      "20": {
        "start": {
          "line": 21,
          "column": 235
        },
        "end": {
          "line": 21,
          "column": 269
        }
      },
      "21": {
        "start": {
          "line": 21,
          "column": 270
        },
        "end": {
          "line": 21,
          "column": 311
        }
      },
      "22": {
        "start": {
          "line": 22,
          "column": 4
        },
        "end": {
          "line": 22,
          "column": 37
        }
      },
      "23": {
        "start": {
          "line": 23,
          "column": 4
        },
        "end": {
          "line": 23,
          "column": 27
        }
      },
      "24": {
        "start": {
          "line": 24,
          "column": 4
        },
        "end": {
          "line": 24,
          "column": 22
        }
      },
      "25": {
        "start": {
          "line": 25,
          "column": 4
        },
        "end": {
          "line": 25,
          "column": 22
        }
      },
      "26": {
        "start": {
          "line": 26,
          "column": 4
        },
        "end": {
          "line": 26,
          "column": 22
        }
      },
      "27": {
        "start": {
          "line": 27,
          "column": 2
        },
        "end": {
          "line": 33,
          "column": 1
        }
      },
      "28": {
        "start": {
          "line": 28,
          "column": 22
        },
        "end": {
          "line": 28,
          "column": 35
        }
      },
      "29": {
        "start": {
          "line": 29,
          "column": 4
        },
        "end": {
          "line": 29,
          "column": 20
        }
      },
      "30": {
        "start": {
          "line": 30,
          "column": 4
        },
        "end": {
          "line": 30,
          "column": 64
        }
      },
      "31": {
        "start": {
          "line": 31,
          "column": 4
        },
        "end": {
          "line": 31,
          "column": 20
        }
      },
      "32": {
        "start": {
          "line": 32,
          "column": 4
        },
        "end": {
          "line": 32,
          "column": 59
        }
      },
      "33": {
        "start": {
          "line": 36,
          "column": 8
        },
        "end": {
          "line": 36,
          "column": 26
        }
      },
      "34": {
        "start": {
          "line": 37,
          "column": 8
        },
        "end": {
          "line": 37,
          "column": 49
        }
      },
      "35": {
        "start": {
          "line": 38,
          "column": 8
        },
        "end": {
          "line": 38,
          "column": 48
        }
      },
      "36": {
        "start": {
          "line": 42,
          "column": 8
        },
        "end": {
          "line": 42,
          "column": 41
        }
      },
      "37": {
        "start": {
          "line": 45,
          "column": 8
        },
        "end": {
          "line": 45,
          "column": 36
        }
      },
      "38": {
        "start": {
          "line": 48,
          "column": 0
        },
        "end": {
          "line": 48,
          "column": 115
        }
      },
      "39": {
        "start": {
          "line": 48,
          "column": 71
        },
        "end": {
          "line": 48,
          "column": 112
        }
      },
      "40": {
        "start": {
          "line": 49,
          "column": 0
        },
        "end": {
          "line": 65,
          "column": 385
        }
      },
      "41": {
        "start": {
          "line": 49,
          "column": 450
        },
        "end": {
          "line": 62,
          "column": 5
        }
      },
      "42": {
        "start": {
          "line": 50,
          "column": 8
        },
        "end": {
          "line": 50,
          "column": 41
        }
      },
      "43": {
        "start": {
          "line": 51,
          "column": 8
        },
        "end": {
          "line": 51,
          "column": 48
        }
      },
      "44": {
        "start": {
          "line": 52,
          "column": 8
        },
        "end": {
          "line": 52,
          "column": 47
        }
      },
      "45": {
        "start": {
          "line": 53,
          "column": 8
        },
        "end": {
          "line": 53,
          "column": 38
        }
      },
      "46": {
        "start": {
          "line": 54,
          "column": 8
        },
        "end": {
          "line": 54,
          "column": 26
        }
      },
      "47": {
        "start": {
          "line": 55,
          "column": 8
        },
        "end": {
          "line": 55,
          "column": 26
        }
      },
      "48": {
        "start": {
          "line": 56,
          "column": 8
        },
        "end": {
          "line": 56,
          "column": 49
        }
      },
      "49": {
        "start": {
          "line": 57,
          "column": 8
        },
        "end": {
          "line": 57,
          "column": 41
        }
      },
      "50": {
        "start": {
          "line": 58,
          "column": 8
        },
        "end": {
          "line": 58,
          "column": 98
        }
      },
      "51": {
        "start": {
          "line": 59,
          "column": 8
        },
        "end": {
          "line": 59,
          "column": 26
        }
      },
      "52": {
        "start": {
          "line": 60,
          "column": 8
        },
        "end": {
          "line": 60,
          "column": 26
        }
      },
      "53": {
        "start": {
          "line": 61,
          "column": 8
        },
        "end": {
          "line": 61,
          "column": 26
        }
      },
      "54": {
        "start": {
          "line": 62,
          "column": 6
        },
        "end": {
          "line": 65,
          "column": 5
        }
      },
      "55": {
        "start": {
          "line": 63,
          "column": 8
        },
        "end": {
          "line": 63,
          "column": 24
        }
      },
      "56": {
        "start": {
          "line": 64,
          "column": 8
        },
        "end": {
          "line": 64,
          "column": 46
        }
      }
    },
    "fnMap": {
      "0": {
        "name": "CoursesListComponent_mat_list_item_6_Template",
        "decl": {
          "start": {
            "line": 9,
            "column": 9
          },
          "end": {
            "line": 9,
            "column": 54
          }
        },
        "loc": {
          "start": {
            "line": 9,
            "column": 64
          },
          "end": {
            "line": 33,
            "column": 3
          }
        },
        "line": 9
      },
      "1": {
        "name": "CoursesListComponent_mat_list_item_6_Template_mat_list_item_click_0_listener",
        "decl": {
          "start": {
            "line": 12,
            "column": 36
          },
          "end": {
            "line": 12,
            "column": 112
          }
        },
        "loc": {
          "start": {
            "line": 12,
            "column": 115
          },
          "end": {
            "line": 12,
            "column": 276
          }
        },
        "line": 12
      },
      "2": {
        "name": "CoursesListComponent_mat_list_item_6_Template_button_click_6_listener",
        "decl": {
          "start": {
            "line": 21,
            "column": 36
          },
          "end": {
            "line": 21,
            "column": 105
          }
        },
        "loc": {
          "start": {
            "line": 21,
            "column": 114
          },
          "end": {
            "line": 21,
            "column": 313
          }
        },
        "line": 21
      },
      "3": {
        "name": "(anonymous_3)",
        "decl": {
          "start": {
            "line": 35,
            "column": 4
          },
          "end": {
            "line": 35,
            "column": 5
          }
        },
        "loc": {
          "start": {
            "line": 35,
            "column": 18
          },
          "end": {
            "line": 39,
            "column": 5
          }
        },
        "line": 35
      },
      "4": {
        "name": "(anonymous_4)",
        "decl": {
          "start": {
            "line": 40,
            "column": 4
          },
          "end": {
            "line": 40,
            "column": 5
          }
        },
        "loc": {
          "start": {
            "line": 40,
            "column": 15
          },
          "end": {
            "line": 40,
            "column": 18
          }
        },
        "line": 40
      },
      "5": {
        "name": "(anonymous_5)",
        "decl": {
          "start": {
            "line": 41,
            "column": 4
          },
          "end": {
            "line": 41,
            "column": 5
          }
        },
        "loc": {
          "start": {
            "line": 41,
            "column": 25
          },
          "end": {
            "line": 43,
            "column": 5
          }
        },
        "line": 41
      },
      "6": {
        "name": "(anonymous_6)",
        "decl": {
          "start": {
            "line": 44,
            "column": 4
          },
          "end": {
            "line": 44,
            "column": 5
          }
        },
        "loc": {
          "start": {
            "line": 44,
            "column": 21
          },
          "end": {
            "line": 46,
            "column": 5
          }
        },
        "line": 44
      },
      "7": {
        "name": "CoursesListComponent_Factory",
        "decl": {
          "start": {
            "line": 48,
            "column": 37
          },
          "end": {
            "line": 48,
            "column": 65
          }
        },
        "loc": {
          "start": {
            "line": 48,
            "column": 69
          },
          "end": {
            "line": 48,
            "column": 114
          }
        },
        "line": 48
      },
      "8": {
        "name": "CoursesListComponent_Template",
        "decl": {
          "start": {
            "line": 49,
            "column": 409
          },
          "end": {
            "line": 49,
            "column": 438
          }
        },
        "loc": {
          "start": {
            "line": 49,
            "column": 448
          },
          "end": {
            "line": 65,
            "column": 7
          }
        },
        "line": 49
      }
    },
    "branchMap": {
      "0": {
        "loc": {
          "start": {
            "line": 9,
            "column": 66
          },
          "end": {
            "line": 27,
            "column": 1
          }
        },
        "type": "if",
        "locations": [
          {
            "start": {
              "line": 9,
              "column": 66
            },
            "end": {
              "line": 27,
              "column": 1
            }
          },
          {
            "start": {},
            "end": {}
          }
        ],
        "line": 9
      },
      "1": {
        "loc": {
          "start": {
            "line": 27,
            "column": 2
          },
          "end": {
            "line": 33,
            "column": 1
          }
        },
        "type": "if",
        "locations": [
          {
            "start": {
              "line": 27,
              "column": 2
            },
            "end": {
              "line": 33,
              "column": 1
            }
          },
          {
            "start": {},
            "end": {}
          }
        ],
        "line": 27
      },
      "2": {
        "loc": {
          "start": {
            "line": 48,
            "column": 83
          },
          "end": {
            "line": 48,
            "column": 108
          }
        },
        "type": "binary-expr",
        "locations": [
          {
            "start": {
              "line": 48,
              "column": 83
            },
            "end": {
              "line": 48,
              "column": 84
            }
          },
          {
            "start": {
              "line": 48,
              "column": 88
            },
            "end": {
              "line": 48,
              "column": 108
            }
          }
        ],
        "line": 48
      },
      "3": {
        "loc": {
          "start": {
            "line": 49,
            "column": 450
          },
          "end": {
            "line": 62,
            "column": 5
          }
        },
        "type": "if",
        "locations": [
          {
            "start": {
              "line": 49,
              "column": 450
            },
            "end": {
              "line": 62,
              "column": 5
            }
          },
          {
            "start": {},
            "end": {}
          }
        ],
        "line": 49
      },
      "4": {
        "loc": {
          "start": {
            "line": 62,
            "column": 6
          },
          "end": {
            "line": 65,
            "column": 5
          }
        },
        "type": "if",
        "locations": [
          {
            "start": {
              "line": 62,
              "column": 6
            },
            "end": {
              "line": 65,
              "column": 5
            }
          },
          {
            "start": {},
            "end": {}
          }
        ],
        "line": 62
      }
    },
    "s": {
      "0": 0,
      "1": 0,
      "2": 0,
      "3": 0,
      "4": 0,
      "5": 0,
      "6": 0,
      "7": 0,
      "8": 0,
      "9": 0,
      "10": 0,
      "11": 0,
      "12": 0,
      "13": 0,
      "14": 0,
      "15": 0,
      "16": 0,
      "17": 0,
      "18": 0,
      "19": 0,
      "20": 0,
      "21": 0,
      "22": 0,
      "23": 0,
      "24": 0,
      "25": 0,
      "26": 0,
      "27": 0,
      "28": 0,
      "29": 0,
      "30": 0,
      "31": 0,
      "32": 0,
      "33": 1,
      "34": 1,
      "35": 1,
      "36": 0,
      "37": 0,
      "38": 1,
      "39": 1,
      "40": 1,
      "41": 187,
      "42": 1,
      "43": 1,
      "44": 1,
      "45": 1,
      "46": 1,
      "47": 1,
      "48": 1,
      "49": 1,
      "50": 1,
      "51": 1,
      "52": 1,
      "53": 1,
      "54": 187,
      "55": 186,
      "56": 186
    },
    "f": {
      "0": 0,
      "1": 0,
      "2": 0,
      "3": 1,
      "4": 1,
      "5": 0,
      "6": 0,
      "7": 1,
      "8": 187
    },
    "b": {
      "0": [
        0,
        0
      ],
      "1": [
        0,
        0
      ],
      "2": [
        1,
        1
      ],
      "3": [
        1,
        186
      ],
      "4": [
        186,
        1
      ]
    },
    "inputSourceMap": {
      "version": 3,
      "file": "courses-list.component.js",
      "sourceRoot": "",
      "sources": [
        "D:\\ALEXANDRE\\CYPRESS\\cypress-code-coverage\\angular13-fundamentals-workshop\\src\\app\\courses\\courses-list\\courses-list.component.ts",
        "D:\\ALEXANDRE\\CYPRESS\\cypress-code-coverage\\angular13-fundamentals-workshop\\src\\app\\courses\\courses-list\\courses-list.component.html"
      ],
      "names": [],
      "mappings": "AAAA,OAAO,EAAa,YAAY,EAAyB,MAAM,eAAe,CAAC;;;;;;;;;;ICMzE,wCAGC;IADC,+OAAS,8BAAoB,IAAC;IAE9B,6BAAY;IAAA,YAA8B;;IAAA,iBAAK;IAC/C,4BAAW;IACT,YACF;IAAA,iBAAI;IACJ,iCAIC;IADC,uOAAS,iCAAuB,SAAE,iCAAiC,IAAC;IAEpE,gCAAU;IAAA,sBAAM;IAAA,iBAAW;IAC7B,iBAAS;IACX,iBAAgB;;;IAXF,eAA8B;IAA9B,2DAA8B;IAExC,eACF;IADE,sDACF;;ADLR,MAAM,OAAO,oBAAoB;IAK/B;QAJS,YAAO,GAAa,EAAE,CAAC;QACtB,mBAAc,GAAG,IAAI,YAAY,EAAU,CAAC;QAC5C,kBAAa,GAAG,IAAI,YAAY,EAAU,CAAC;IAEtC,CAAC;IAEhB,QAAQ,KAAU,CAAC;IAEnB,YAAY,CAAC,MAAc;QACzB,IAAI,CAAC,cAAc,CAAC,IAAI,CAAC,MAAM,CAAC,CAAC;IACnC,CAAC;IAED,YAAY,CAAC,EAAU;QACrB,IAAI,CAAC,aAAa,CAAC,IAAI,CAAC,EAAE,CAAC,CAAC;IAC9B,CAAC;;wFAfU,oBAAoB;uEAApB,oBAAoB;QCRjC,gCAAU;QACR,uCAAiB;QACf,sCAAgB;QAAC,6BAAY;QAAA,iBAAiB;QAChD,iBAAkB;QAClB,wCAAkB;QAChB,gCAAU;QACR,yFAegB;QAClB,iBAAW;QACb,iBAAmB;QACrB,iBAAW;;QAjBgB,eAAU;QAAV,qCAAU",
      "sourcesContent": [
        "import { Component, EventEmitter, Input, OnInit, Output } from '@angular/core';\r\nimport { Course } from 'src/app/shared/interfaces/course.interface';\r\n\r\n@Component({\r\n  selector: 'app-courses-list',\r\n  templateUrl: './courses-list.component.html',\r\n  styleUrls: ['./courses-list.component.scss'],\r\n})\r\nexport class CoursesListComponent implements OnInit {\r\n  @Input() courses: Course[] = [];\r\n  @Output() courseSelected = new EventEmitter<Course>();\r\n  @Output() courseDeleted = new EventEmitter<number>();\r\n\r\n  constructor() {}\r\n\r\n  ngOnInit(): void {}\r\n\r\n  selectCourse(course: Course) {\r\n    this.courseSelected.emit(course);\r\n  }\r\n\r\n  deleteCourse(id: number) {\r\n    this.courseDeleted.emit(id);\r\n  }\r\n}\r\n",
        "<mat-card>\r\n  <mat-card-header>\r\n    <mat-card-title> Course List </mat-card-title>\r\n  </mat-card-header>\r\n  <mat-card-content>\r\n    <mat-list>\r\n      <mat-list-item\r\n        *ngFor=\"let course of courses\"\r\n        (click)=\"selectCourse(course)\"\r\n      >\r\n        <h3 matLine>{{ course.title | titlecase }}</h3>\r\n        <p matLine>\r\n          {{ course.description }}\r\n        </p>\r\n        <button\r\n          mat-icon-button\r\n          color=\"warn\"\r\n          (click)=\"deleteCourse(course.id); $event.stopImmediatePropagation()\"\r\n        >\r\n          <mat-icon>delete</mat-icon>\r\n        </button>\r\n      </mat-list-item>\r\n    </mat-list>\r\n  </mat-card-content>\r\n</mat-card>\r\n"
      ]
    },
    "_coverageSchema": "1a1c01bbd47fc00a2c39e90264f33305004495a9",
    "hash": "bac8ab0da24c84e94278543ea0502d955eeb5ee7"
  },
  "D:\\ALEXANDRE\\CYPRESS\\cypress-code-coverage\\angular13-fundamentals-workshop\\src\\app\\courses\\course-details\\course-details.component.ts": {
    "path": "D:\\ALEXANDRE\\CYPRESS\\cypress-code-coverage\\angular13-fundamentals-workshop\\src\\app\\courses\\course-details\\course-details.component.ts",
    "statementMap": {
      "0": {
        "start": {
          "line": 11,
          "column": 59
        },
        "end": {
          "line": 16,
          "column": 1
        }
      },
      "1": {
        "start": {
          "line": 12,
          "column": 4
        },
        "end": {
          "line": 12,
          "column": 33
        }
      },
      "2": {
        "start": {
          "line": 13,
          "column": 4
        },
        "end": {
          "line": 13,
          "column": 17
        }
      },
      "3": {
        "start": {
          "line": 14,
          "column": 4
        },
        "end": {
          "line": 14,
          "column": 30
        }
      },
      "4": {
        "start": {
          "line": 15,
          "column": 4
        },
        "end": {
          "line": 15,
          "column": 22
        }
      },
      "5": {
        "start": {
          "line": 16,
          "column": 2
        },
        "end": {
          "line": 20,
          "column": 1
        }
      },
      "6": {
        "start": {
          "line": 17,
          "column": 19
        },
        "end": {
          "line": 17,
          "column": 37
        }
      },
      "7": {
        "start": {
          "line": 18,
          "column": 4
        },
        "end": {
          "line": 18,
          "column": 20
        }
      },
      "8": {
        "start": {
          "line": 19,
          "column": 4
        },
        "end": {
          "line": 19,
          "column": 80
        }
      },
      "9": {
        "start": {
          "line": 21,
          "column": 66
        },
        "end": {
          "line": 23,
          "column": 1
        }
      },
      "10": {
        "start": {
          "line": 22,
          "column": 4
        },
        "end": {
          "line": 22,
          "column": 36
        }
      },
      "11": {
        "start": {
          "line": 26,
          "column": 8
        },
        "end": {
          "line": 26,
          "column": 46
        }
      },
      "12": {
        "start": {
          "line": 27,
          "column": 8
        },
        "end": {
          "line": 27,
          "column": 50
        }
      },
      "13": {
        "start": {
          "line": 30,
          "column": 8
        },
        "end": {
          "line": 32,
          "column": 9
        }
      },
      "14": {
        "start": {
          "line": 31,
          "column": 12
        },
        "end": {
          "line": 31,
          "column": 45
        }
      },
      "15": {
        "start": {
          "line": 33,
          "column": 8
        },
        "end": {
          "line": 33,
          "column": 54
        }
      },
      "16": {
        "start": {
          "line": 37,
          "column": 8
        },
        "end": {
          "line": 37,
          "column": 38
        }
      },
      "17": {
        "start": {
          "line": 40,
          "column": 8
        },
        "end": {
          "line": 40,
          "column": 36
        }
      },
      "18": {
        "start": {
          "line": 43,
          "column": 0
        },
        "end": {
          "line": 43,
          "column": 121
        }
      },
      "19": {
        "start": {
          "line": 43,
          "column": 75
        },
        "end": {
          "line": 43,
          "column": 118
        }
      },
      "20": {
        "start": {
          "line": 44,
          "column": 0
        },
        "end": {
          "line": 107,
          "column": 524
        }
      },
      "21": {
        "start": {
          "line": 44,
          "column": 996
        },
        "end": {
          "line": 90,
          "column": 5
        }
      },
      "22": {
        "start": {
          "line": 45,
          "column": 20
        },
        "end": {
          "line": 45,
          "column": 41
        }
      },
      "23": {
        "start": {
          "line": 46,
          "column": 8
        },
        "end": {
          "line": 46,
          "column": 41
        }
      },
      "24": {
        "start": {
          "line": 47,
          "column": 8
        },
        "end": {
          "line": 47,
          "column": 47
        }
      },
      "25": {
        "start": {
          "line": 48,
          "column": 8
        },
        "end": {
          "line": 48,
          "column": 82
        }
      },
      "26": {
        "start": {
          "line": 49,
          "column": 8
        },
        "end": {
          "line": 49,
          "column": 129
        }
      },
      "27": {
        "start": {
          "line": 50,
          "column": 8
        },
        "end": {
          "line": 50,
          "column": 26
        }
      },
      "28": {
        "start": {
          "line": 51,
          "column": 8
        },
        "end": {
          "line": 51,
          "column": 43
        }
      },
      "29": {
        "start": {
          "line": 52,
          "column": 8
        },
        "end": {
          "line": 52,
          "column": 145
        }
      },
      "30": {
        "start": {
          "line": 52,
          "column": 100
        },
        "end": {
          "line": 52,
          "column": 141
        }
      },
      "31": {
        "start": {
          "line": 53,
          "column": 8
        },
        "end": {
          "line": 53,
          "column": 49
        }
      },
      "32": {
        "start": {
          "line": 54,
          "column": 8
        },
        "end": {
          "line": 54,
          "column": 50
        }
      },
      "33": {
        "start": {
          "line": 55,
          "column": 8
        },
        "end": {
          "line": 55,
          "column": 41
        }
      },
      "34": {
        "start": {
          "line": 56,
          "column": 8
        },
        "end": {
          "line": 56,
          "column": 165
        }
      },
      "35": {
        "start": {
          "line": 56,
          "column": 121
        },
        "end": {
          "line": 56,
          "column": 161
        }
      },
      "36": {
        "start": {
          "line": 57,
          "column": 8
        },
        "end": {
          "line": 57,
          "column": 26
        }
      },
      "37": {
        "start": {
          "line": 58,
          "column": 8
        },
        "end": {
          "line": 58,
          "column": 26
        }
      },
      "38": {
        "start": {
          "line": 59,
          "column": 8
        },
        "end": {
          "line": 59,
          "column": 51
        }
      },
      "39": {
        "start": {
          "line": 60,
          "column": 8
        },
        "end": {
          "line": 60,
          "column": 45
        }
      },
      "40": {
        "start": {
          "line": 61,
          "column": 8
        },
        "end": {
          "line": 61,
          "column": 175
        }
      },
      "41": {
        "start": {
          "line": 61,
          "column": 125
        },
        "end": {
          "line": 61,
          "column": 171
        }
      },
      "42": {
        "start": {
          "line": 62,
          "column": 8
        },
        "end": {
          "line": 62,
          "column": 26
        }
      },
      "43": {
        "start": {
          "line": 63,
          "column": 8
        },
        "end": {
          "line": 63,
          "column": 26
        }
      },
      "44": {
        "start": {
          "line": 64,
          "column": 8
        },
        "end": {
          "line": 64,
          "column": 44
        }
      },
      "45": {
        "start": {
          "line": 65,
          "column": 8
        },
        "end": {
          "line": 65,
          "column": 36
        }
      },
      "46": {
        "start": {
          "line": 66,
          "column": 8
        },
        "end": {
          "line": 66,
          "column": 22
        }
      },
      "47": {
        "start": {
          "line": 67,
          "column": 8
        },
        "end": {
          "line": 67,
          "column": 26
        }
      },
      "48": {
        "start": {
          "line": 68,
          "column": 8
        },
        "end": {
          "line": 68,
          "column": 47
        }
      },
      "49": {
        "start": {
          "line": 69,
          "column": 8
        },
        "end": {
          "line": 69,
          "column": 181
        }
      },
      "50": {
        "start": {
          "line": 69,
          "column": 127
        },
        "end": {
          "line": 69,
          "column": 177
        }
      },
      "51": {
        "start": {
          "line": 70,
          "column": 8
        },
        "end": {
          "line": 70,
          "column": 26
        }
      },
      "52": {
        "start": {
          "line": 71,
          "column": 8
        },
        "end": {
          "line": 71,
          "column": 26
        }
      },
      "53": {
        "start": {
          "line": 72,
          "column": 8
        },
        "end": {
          "line": 72,
[...]
            "column": 53
          }
        },
        "loc": {
          "start": {
            "line": 20,
            "column": 57
          },
          "end": {
            "line": 20,
            "column": 96
          }
        },
        "line": 20
      },
      "1": {
        "name": "(anonymous_1)",
        "decl": {
          "start": {
            "line": 38,
            "column": 1
          },
          "end": {
            "line": 38,
            "column": 2
          }
        },
        "loc": {
          "start": {
            "line": 38,
            "column": 13
          },
          "end": {
            "line": 53,
            "column": 36
          }
        },
        "line": 38
      }
    },
    "branchMap": {
      "0": {
        "loc": {
          "start": {
            "line": 20,
            "column": 71
          },
          "end": {
            "line": 20,
            "column": 90
          }
        },
        "type": "binary-expr",
        "locations": [
          {
            "start": {
              "line": 20,
              "column": 71
            },
            "end": {
              "line": 20,
              "column": 72
            }
          },
          {
            "start": {
              "line": 20,
              "column": 76
            },
            "end": {
              "line": 20,
              "column": 90
            }
          }
        ],
        "line": 20
      },
      "1": {
        "loc": {
          "start": {
            "line": 38,
            "column": 15
          },
          "end": {
            "line": 53,
            "column": 33
          }
        },
        "type": "binary-expr",
        "locations": [
          {
            "start": {
              "line": 38,
              "column": 16
            },
            "end": {
              "line": 38,
              "column": 48
            }
          },
          {
            "start": {
              "line": 38,
              "column": 52
            },
            "end": {
              "line": 38,
              "column": 61
            }
          },
          {
            "start": {
              "line": 38,
              "column": 66
            },
            "end": {
              "line": 53,
              "column": 33
            }
          }
        ],
        "line": 38
      }
    },
    "s": {
      "0": 1,
      "1": 1,
      "2": 1,
      "3": 1,
      "4": 1,
      "5": 1
    },
    "f": {
      "0": 1,
      "1": 1
    },
    "b": {
      "0": [
        1,
        1
      ],
      "1": [
        1,
        0,
        1
      ]
    },
    "inputSourceMap": {
      "version": 3,
      "file": "material.module.js",
      "sourceRoot": "",
      "sources": [
        "D:\\ALEXANDRE\\CYPRESS\\cypress-code-coverage\\angular13-fundamentals-workshop\\src\\app\\material.module.ts"
      ],
      "names": [],
      "mappings": "AACA,OAAO,EAAE,eAAe,EAAE,MAAM,0BAA0B,CAAC;AAC3D,OAAO,EAAE,qBAAqB,EAAE,MAAM,iCAAiC,CAAC;AACxE,OAAO,EAAE,aAAa,EAAE,MAAM,wBAAwB,CAAC;AACvD,OAAO,EAAE,iBAAiB,EAAE,MAAM,4BAA4B,CAAC;AAC/D,OAAO,EAAE,kBAAkB,EAAE,MAAM,8BAA8B,CAAC;AAClE,OAAO,EAAE,iBAAiB,EAAE,MAAM,6BAA6B,CAAC;AAChE,OAAO,EAAE,aAAa,EAAE,MAAM,wBAAwB,CAAC;AACvD,OAAO,EAAE,cAAc,EAAE,MAAM,yBAAyB,CAAC;AACzD,OAAO,EAAE,aAAa,EAAE,MAAM,wBAAwB,CAAC;AACvD,OAAO,EAAE,aAAa,EAAE,MAAM,wBAAwB,CAAC;AACvD,OAAO,EAAE,eAAe,EAAE,MAAM,0BAA0B,CAAC;AAC3D,OAAO,EAAE,gBAAgB,EAAE,MAAM,2BAA2B,CAAC;AAC7D,OAAO,EAAE,eAAe,EAAE,MAAM,0BAA0B,CAAC;AAC3D,OAAO,EAAE,iBAAiB,EAAE,MAAM,6BAA6B,CAAC;AAChE,OAAO,EAAE,cAAc,EAAE,MAAM,yBAAyB,CAAC;AACzD,OAAO,EAAE,gBAAgB,EAAE,MAAM,2BAA2B,CAAC;;AAsB7D,MAAM,OAAO,cAAc;;4EAAd,cAAc;gEAAd,cAAc;oEAlBvB,eAAe;QACf,aAAa;QACb,iBAAiB;QACjB,kBAAkB;QAClB,iBAAiB;QACjB,aAAa;QACb,cAAc;QACd,aAAa;QACb,aAAa;QACb,eAAe;QACf,gBAAgB;QAChB,eAAe;QACf,iBAAiB;QACjB,cAAc;QACd,gBAAgB;QAChB,qBAAqB;wFAGZ,cAAc,cAlBvB,eAAe;QACf,aAAa;QACb,iBAAiB;QACjB,kBAAkB;QAClB,iBAAiB;QACjB,aAAa;QACb,cAAc;QACd,aAAa;QACb,aAAa;QACb,eAAe;QACf,gBAAgB;QAChB,eAAe;QACf,iBAAiB;QACjB,cAAc;QACd,gBAAgB;QAChB,qBAAqB",
      "sourcesContent": [
        "import { NgModule } from '@angular/core';\r\nimport { MatButtonModule } from '@angular/material/button';\r\nimport { MatButtonToggleModule } from '@angular/material/button-toggle';\r\nimport { MatCardModule } from '@angular/material/card';\r\nimport { MatCheckboxModule } from '@angular/material/checkbox';\r\nimport { MatFormFieldModule } from '@angular/material/form-field';\r\nimport { MatGridListModule } from '@angular/material/grid-list';\r\nimport { MatIconModule } from '@angular/material/icon';\r\nimport { MatInputModule } from '@angular/material/input';\r\nimport { MatListModule } from '@angular/material/list';\r\nimport { MatMenuModule } from '@angular/material/menu';\r\nimport { MatSelectModule } from '@angular/material/select';\r\nimport { MatSidenavModule } from '@angular/material/sidenav';\r\nimport { MatSliderModule } from '@angular/material/slider';\r\nimport { MatSnackBarModule } from '@angular/material/snack-bar';\r\nimport { MatTableModule } from '@angular/material/table';\r\nimport { MatToolbarModule } from '@angular/material/toolbar';\r\n\r\n@NgModule({\r\n  exports: [\r\n    MatButtonModule,\r\n    MatCardModule,\r\n    MatCheckboxModule,\r\n    MatFormFieldModule,\r\n    MatGridListModule,\r\n    MatIconModule,\r\n    MatInputModule,\r\n    MatListModule,\r\n    MatMenuModule,\r\n    MatSelectModule,\r\n    MatSidenavModule,\r\n    MatSliderModule,\r\n    MatSnackBarModule,\r\n    MatTableModule,\r\n    MatToolbarModule,\r\n    MatButtonToggleModule,\r\n  ],\r\n})\r\nexport class MaterialModule {}\r\n"
      ]
    },
    "_coverageSchema": "1a1c01bbd47fc00a2c39e90264f33305004495a9",
    "hash": "9ba3a93aa2bfcbcdd8a33a0ef4c0fe0b62160830"
  },
  "D:\\ALEXANDRE\\CYPRESS\\cypress-code-coverage\\angular13-fundamentals-workshop\\src\\app\\app.module.ts": {
    "path": "D:\\ALEXANDRE\\CYPRESS\\cypress-code-coverage\\angular13-fundamentals-workshop\\src\\app\\app.module.ts",
    "statementMap": {
      "0": {
        "start": {
          "line": 30,
          "column": 0
        },
        "end": {
          "line": 30,
          "column": 82
        }
      },
      "1": {
        "start": {
          "line": 30,
          "column": 49
        },
        "end": {
          "line": 30,
          "column": 79
        }
      },
      "2": {
        "start": {
          "line": 31,
          "column": 0
        },
        "end": {
          "line": 31,
          "column": 99
        }
      },
      "3": {
        "start": {
          "line": 32,
          "column": 0
        },
        "end": {
          "line": 39,
          "column": 14
        }
      },
      "4": {
        "start": {
          "line": 40,
          "column": 0
        },
        "end": {
          "line": 62,
          "column": 35
        }
      },
      "5": {
        "start": {
          "line": 40,
          "column": 15
        },
        "end": {
          "line": 62,
          "column": 29
        }
      }
    },
    "fnMap": {
      "0": {
        "name": "AppModule_Factory",
        "decl": {
          "start": {
            "line": 30,
            "column": 26
          },
          "end": {
            "line": 30,
            "column": 43
          }
        },
        "loc": {
          "start": {
            "line": 30,
            "column": 47
          },
          "end": {
            "line": 30,
            "column": 81
          }
        },
        "line": 30
      },
      "1": {
        "name": "(anonymous_1)",
        "decl": {
          "start": {
            "line": 40,
            "column": 1
          },
          "end": {
            "line": 40,
            "column": 2
          }
        },
        "loc": {
          "start": {
            "line": 40,
            "column": 13
          },
          "end": {
            "line": 62,
            "column": 31
          }
        },
        "line": 40
      }
    },
    "branchMap": {
      "0": {
        "loc": {
          "start": {
            "line": 30,
            "column": 61
          },
          "end": {
            "line": 30,
            "column": 75
          }
        },
        "type": "binary-expr",
        "locations": [
          {
            "start": {
              "line": 30,
              "column": 61
            },
            "end": {
              "line": 30,
              "column": 62
            }
          },
          {
            "start": {
              "line": 30,
              "column": 66
            },
            "end": {
              "line": 30,
              "column": 75
            }
          }
        ],
        "line": 30
      },
      "1": {
        "loc": {
          "start": {
            "line": 40,
            "column": 15
          },
          "end": {
            "line": 62,
            "column": 28
          }
        },
        "type": "binary-expr",
        "locations": [
          {
            "start": {
              "line": 40,
              "column": 16
            },
            "end": {
              "line": 40,
              "column": 48
            }
          },
          {
            "start": {
              "line": 40,
              "column": 52
            },
            "end": {
              "line": 40,
              "column": 61
            }
          },
          {
            "start": {
              "line": 40,
              "column": 66
            },
            "end": {
              "line": 62,
              "column": 28
            }
          }
        ],
        "line": 40
      }
    },
    "s": {
      "0": 1,
      "1": 1,
      "2": 1,
      "3": 1,
      "4": 1,
      "5": 1
    },
    "f": {
      "0": 1,
      "1": 1
    },
    "b": {
      "0": [
        1,
        1
      ],
      "1": [
        1,
        0,
        1
      ]
    },
    "inputSourceMap": {
      "version": 3,
      "file": "app.module.js",
      "sourceRoot": "",
      "sources": [
        "D:\\ALEXANDRE\\CYPRESS\\cypress-code-coverage\\angular13-fundamentals-workshop\\src\\app\\app.module.ts"
      ],
      "names": [],
      "mappings": "AAAA,OAAO,EAAE,gBAAgB,EAAE,MAAM,sBAAsB,CAAC;AAExD,OAAO,EAAE,WAAW,EAAE,MAAM,gBAAgB,CAAC;AAC7C,OAAO,EAAE,aAAa,EAAE,MAAM,2BAA2B,CAAC;AAC1D,OAAO,EAAE,uBAAuB,EAAE,MAAM,sCAAsC,CAAC;AAE/E,OAAO,EAAE,qBAAqB,EAAE,MAAM,+DAA+D,CAAC;AACtG,OAAO,EAAE,sBAAsB,EAAE,MAAM,iEAAiE,CAAC;AACzG,OAAO,EAAE,cAAc,EAAE,MAAM,yCAAyC,CAAC;AACzE,OAAO,EAAE,gBAAgB,EAAE,MAAM,sBAAsB,CAAC;AACxD,OAAO,EAAE,YAAY,EAAE,MAAM,iBAAiB,CAAC;AAC/C,OAAO,EAAE,sBAAsB,EAAE,MAAM,mDAAmD,CAAC;AAC3F,OAAO,EAAE,oBAAoB,EAAE,MAAM,+CAA+C,CAAC;AACrF,OAAO,EAAE,gBAAgB,EAAE,MAAM,6BAA6B,CAAC;AAC/D,OAAO,EAAE,gBAAgB,EAAE,MAAM,0DAA0D,CAAC;AAC5F,OAAO,EAAE,iBAAiB,EAAE,MAAM,+BAA+B,CAAC;AAClE,OAAO,EAAE,aAAa,EAAE,MAAM,uBAAuB,CAAC;AACtD,OAAO,EAAE,cAAc,EAAE,MAAM,yBAAyB,CAAC;AACzD,OAAO,EAAE,cAAc,EAAE,MAAM,mBAAmB,CAAC;AACnD,OAAO,EAAE,WAAW,EAAE,MAAM,qCAAqC,CAAC;AAClE,OAAO,EAAE,mBAAmB,EAAE,MAAM,sDAAsD,CAAC;AAC3F,OAAO,EAAE,eAAe,EAAE,MAAM,sDAAsD,CAAC;AACvF,OAAO,EAAE,eAAe,EAAE,MAAM,sDAAsD,CAAC;AACvF,OAAO,EAAE,iBAAiB,EAAE,MAAM,0DAA0D,CAAC;AAC7F,OAAO,EAAE,oBAAoB,EAAE,MAAM,gDAAgD,CAAC;AACtF,OAAO,EAAE,sBAAsB,EAAE,MAAM,iEAAiE,CAAC;AACzG,OAAO,EAAE,oBAAoB,EAAE,MAAM,gDAAgD,CAAC;AACtF,OAAO,EAAE,kBAAkB,EAAE,MAAM,0CAA0C,CAAC;;AAkC9E,MAAM,OAAO,SAAS;;kEAAT,SAAS;2DAAT,SAAS,cAFR,YAAY;gEADb,CAAC,WAAW,EAAE,mBAAmB,CAAC,YA5BpC;YACP,aAAa;YACb,gBAAgB;YAChB,uBAAuB;YACvB,WAAW;YACX,cAAc;YACd,gBAAgB;SACjB;wFAwBU,SAAS,mBAtBlB,YAAY;QACZ,aAAa;QACb,gBAAgB;QAChB,sBAAsB;QACtB,oBAAoB;QACpB,cAAc;QACd,cAAc;QACd,qBAAqB;QACrB,sBAAsB;QACtB,iBAAiB;QACjB,gBAAgB;QAChB,eAAe;QACf,eAAe;QACf,iBAAiB;QACjB,oBAAoB;QACpB,sBAAsB;QACtB,oBAAoB;QACpB,kBAAkB,aAzBlB,aAAa;QACb,gBAAgB;QAChB,uBAAuB;QACvB,WAAW;QACX,cAAc;QACd,gBAAgB",
      "sourcesContent": [
        "import { HttpClientModule } from '@angular/common/http';\r\nimport { NgModule } from '@angular/core';\r\nimport { FormsModule } from '@angular/forms';\r\nimport { BrowserModule } from '@angular/platform-browser';\r\nimport { BrowserAnimationsModule } from '@angular/platform-browser/animations';\r\n\r\nimport { AdminPayrollComponent } from './examples/child-routes/admin-payroll/admin-payroll.component';\r\nimport { AdminVacationComponent } from './examples/child-routes/admin-vacation/admin-vacation.component';\r\nimport { AdminComponent } from './examples/child-routes/admin.component';\r\nimport { AppRoutingModule } from './app-routing.module';\r\nimport { AppComponent } from './app.component';\r\nimport { CourseDetailsComponent } from './courses/course-details/course-details.component';\r\nimport { CoursesListComponent } from './courses/courses-list/courses-list.component';\r\nimport { CoursesComponent } from './courses/courses.component';\r\nimport { DynamicComponent } from './examples/dynamic-component/dynamic-component.component';\r\nimport { ExamplesComponent } from './examples/examples.component';\r\nimport { HomeComponent } from './home/home.component';\r\nimport { LoginComponent } from './login/login.component';\r\nimport { MaterialModule } from './material.module';\r\nimport { AuthService } from './shared/services/auth/auth.service';\r\nimport { NotificationService } from './shared/services/notifications/notification.service';\r\nimport { CircleComponent } from './examples/dynamic-component/circle/circle.component';\r\nimport { SquareComponent } from './examples/dynamic-component/square/square.component';\r\nimport { TriangleComponent } from './examples/dynamic-component/triangle/triangle.component';\r\nimport { CustomInputComponent } from './examples/custom-input/custom-input.component';\r\nimport { CustomControlComponent } from './examples/custom-input/custom-control/custom-control.component';\r\nimport { RouteParamsComponent } from './examples/route-params/route-params.component';\r\nimport { ProtectedComponent } from './examples/protected/protected.component';\r\n\r\n@NgModule({\r\n  imports: [\r\n    BrowserModule,\r\n    AppRoutingModule,\r\n    BrowserAnimationsModule,\r\n    FormsModule,\r\n    MaterialModule,\r\n    HttpClientModule,\r\n  ],\r\n  declarations: [\r\n    AppComponent,\r\n    HomeComponent,\r\n    CoursesComponent,\r\n    CourseDetailsComponent,\r\n    CoursesListComponent,\r\n    LoginComponent,\r\n    AdminComponent,\r\n    AdminPayrollComponent,\r\n    AdminVacationComponent,\r\n    ExamplesComponent,\r\n    DynamicComponent,\r\n    CircleComponent,\r\n    SquareComponent,\r\n    TriangleComponent,\r\n    CustomInputComponent,\r\n    CustomControlComponent,\r\n    RouteParamsComponent,\r\n    ProtectedComponent,\r\n  ],\r\n  providers: [AuthService, NotificationService],\r\n  bootstrap: [AppComponent],\r\n})\r\nexport class AppModule {}\r\n"
      ]
    },
    "_coverageSchema": "1a1c01bbd47fc00a2c39e90264f33305004495a9",
    "hash": "db5f3ce9be87bb729db0a05b8ee72e7014c31ca9"
  },
  "D:\\ALEXANDRE\\CYPRESS\\cypress-code-coverage\\angular13-fundamentals-workshop\\src\\environments\\environment.ts": {
    "path": "D:\\ALEXANDRE\\CYPRESS\\cypress-code-coverage\\angular13-fundamentals-workshop\\src\\environments\\environment.ts",
    "statementMap": {
      "0": {
        "start": {
          "line": 4,
          "column": 27
        },
        "end": {
          "line": 6,
          "column": 1
        }
      }
    },
    "fnMap": {},
    "branchMap": {},
    "s": {
      "0": 1
    },
    "f": {},
    "b": {},
    "inputSourceMap": {
      "version": 3,
      "file": "environment.js",
      "sourceRoot": "",
      "sources": [
        "D:\\ALEXANDRE\\CYPRESS\\cypress-code-coverage\\angular13-fundamentals-workshop\\src\\environments\\environment.ts"
      ],
      "names": [],
      "mappings": "AAAA,gFAAgF;AAChF,mEAAmE;AACnE,gEAAgE;AAEhE,MAAM,CAAC,MAAM,WAAW,GAAG;IACzB,UAAU,EAAE,KAAK;CAClB,CAAC;AAEF;;;;;;GAMG;AACH,sEAAsE",
      "sourcesContent": [
        "// This file can be replaced during build by using the `fileReplacements` array.\r\n// `ng build` replaces `environment.ts` with `environment.prod.ts`.\r\n// The list of file replacements can be found in `angular.json`.\r\n\r\nexport const environment = {\r\n  production: false\r\n};\r\n\r\n/*\r\n * For easier debugging in development mode, you can import the following file\r\n * to ignore zone related error stack frames such as `zone.run`, `zoneDelegate.invokeTask`.\r\n *\r\n * This import should be commented out in production mode because it will have a negative impact\r\n * on performance if an error is thrown.\r\n */\r\n// import 'zone.js/plugins/zone-error';  // Included with Angular CLI.\r\n"
      ]
    },
    "_coverageSchema": "1a1c01bbd47fc00a2c39e90264f33305004495a9",
    "hash": "5c034729f952c8cbb87d33df39e057873d2d013f"
  },
  "D:\\ALEXANDRE\\CYPRESS\\cypress-code-coverage\\angular13-fundamentals-workshop\\src\\main.ts": {
    "path": "D:\\ALEXANDRE\\CYPRESS\\cypress-code-coverage\\angular13-fundamentals-workshop\\src\\main.ts",
    "statementMap": {
      "0": {
        "start": {
          "line": 5,
          "column": 0
        },
        "end": {
          "line": 7,
          "column": 1
        }
      },
      "1": {
        "start": {
          "line": 6,
          "column": 4
        },
        "end": {
          "line": 6,
          "column": 21
        }
      },
      "2": {
        "start": {
          "line": 8,
          "column": 0
        },
        "end": {
          "line": 9,
          "column": 38
        }
      },
      "3": {
        "start": {
          "line": 9,
          "column": 18
        },
        "end": {
          "line": 9,
          "column": 36
        }
      }
    },
    "fnMap": {
      "0": {
        "name": "(anonymous_0)",
        "decl": {
          "start": {
            "line": 9,
            "column": 11
          },
          "end": {
            "line": 9,
            "column": 12
          }
        },
        "loc": {
          "start": {
            "line": 9,
            "column": 18
          },
          "end": {
            "line": 9,
            "column": 36
          }
        },
        "line": 9
      }
    },
    "branchMap": {
      "0": {
        "loc": {
          "start": {
            "line": 5,
            "column": 0
          },
          "end": {
            "line": 7,
            "column": 1
          }
        },
        "type": "if",
        "locations": [
          {
            "start": {
              "line": 5,
              "column": 0
            },
            "end": {
              "line": 7,
              "column": 1
            }
          },
          {
            "start": {},
            "end": {}
          }
        ],
        "line": 5
      }
    },
    "s": {
      "0": 1,
      "1": 0,
      "2": 1,
      "3": 0
    },
    "f": {
      "0": 0
    },
    "b": {
      "0": [
        0,
        1
      ]
    },
    "inputSourceMap": {
      "version": 3,
      "file": "main.js",
      "sourceRoot": "",
      "sources": [
        "D:\\ALEXANDRE\\CYPRESS\\cypress-code-coverage\\angular13-fundamentals-workshop\\src\\main.ts"
      ],
      "names": [],
      "mappings": ";AAAA,OAAO,EAAE,cAAc,EAAE,MAAM,eAAe,CAAC;AAG/C,OAAO,EAAE,SAAS,EAAE,MAAM,kBAAkB,CAAC;AAC7C,OAAO,EAAE,WAAW,EAAE,MAAM,4BAA4B,CAAC;AAEzD,IAAI,WAAW,CAAC,UAAU,EAAE;IAC1B,cAAc,EAAE,CAAC;CAClB;AAED,qCAAwB,CAAC,eAAe,CAAC,SAAS,CAAC;KAChD,KAAK,CAAC,GAAG,CAAC,EAAE,CAAC,OAAO,CAAC,KAAK,CAAC,GAAG,CAAC,CAAC,CAAC",
      "sourcesContent": [
        "import { enableProdMode } from '@angular/core';\r\nimport { platformBrowserDynamic } from '@angular/platform-browser-dynamic';\r\n\r\nimport { AppModule } from './app/app.module';\r\nimport { environment } from './environments/environment';\r\n\r\nif (environment.production) {\r\n  enableProdMode();\r\n}\r\n\r\nplatformBrowserDynamic().bootstrapModule(AppModule)\r\n  .catch(err => console.error(err));\r\n"
      ]
    },
    "_coverageSchema": "1a1c01bbd47fc00a2c39e90264f33305004495a9",
    "hash": "968f917a90647124bf7632680a6fb5baa38e8dd3"
  }
}